[debug] [2021-04-18T16:09:13.392Z] ----------------------------------------------------------------------
[debug] [2021-04-18T16:09:13.395Z] Command:       C:\Program Files\nodejs\node.exe C:\Users\aminu\AppData\Roaming\npm\node_modules\firebase-tools\lib\bin\firebase.js deploy
[debug] [2021-04-18T16:09:13.396Z] CLI Version:   9.10.0
[debug] [2021-04-18T16:09:13.396Z] Platform:      win32
[debug] [2021-04-18T16:09:13.397Z] Node Version:  v14.15.3
[debug] [2021-04-18T16:09:13.407Z] Time:          Sun Apr 18 2021 22:09:13 GMT+0600 (Bangladesh Standard Time)
[debug] [2021-04-18T16:09:13.407Z] ----------------------------------------------------------------------
[debug] 
[debug] [2021-04-18T16:09:13.429Z] > command requires scopes: ["email","openid","https://www.googleapis.com/auth/cloudplatformprojects.readonly","https://www.googleapis.com/auth/firebase","https://www.googleapis.com/auth/cloud-platform"]
[debug] [2021-04-18T16:09:13.429Z] > authorizing via signed-in user (saadabdullah41266@gmail.com)
[debug] [2021-04-18T16:09:13.430Z] [iam] checking project phone-repair-1d188 for permissions ["firebase.projects.get","firebasehosting.sites.update"]
[debug] [2021-04-18T16:09:13.436Z] > refreshing access token with scopes: ["email","https://www.googleapis.com/auth/cloud-platform","https://www.googleapis.com/auth/cloudplatformprojects.readonly","https://www.googleapis.com/auth/firebase","openid"]
[debug] [2021-04-18T16:09:13.436Z] >>> HTTP REQUEST POST https://www.googleapis.com/oauth2/v3/token  
 <request body omitted>
[debug] [2021-04-18T16:09:13.829Z] <<< HTTP RESPONSE 200 {"date":"Sun, 18 Apr 2021 16:09:19 GMT","expires":"Mon, 01 Jan 1990 00:00:00 GMT","cache-control":"no-cache, no-store, max-age=0, must-revalidate","pragma":"no-cache","content-type":"application/json; charset=utf-8","vary":"X-Origin, Referer, Origin,Accept-Encoding","server":"scaffolding on HTTPServer2","x-xss-protection":"0","x-frame-options":"SAMEORIGIN","x-content-type-options":"nosniff","alt-svc":"h3-29=\":443\"; ma=2592000,h3-T051=\":443\"; ma=2592000,h3-Q050=\":443\"; ma=2592000,h3-Q046=\":443\"; ma=2592000,h3-Q043=\":443\"; ma=2592000,quic=\":443\"; ma=2592000; v=\"46,43\"","accept-ranges":"none","transfer-encoding":"chunked"}
[debug] [2021-04-18T16:09:13.848Z] >>> HTTP REQUEST POST https://cloudresourcemanager.googleapis.com/v1/projects/phone-repair-1d188:testIamPermissions  
 {"permissions":["firebase.projects.get","firebasehosting.sites.update"]}
[debug] [2021-04-18T16:09:15.456Z] <<< HTTP RESPONSE 200 {"content-type":"application/json; charset=UTF-8","vary":"X-Origin, Referer, Origin,Accept-Encoding","date":"Sun, 18 Apr 2021 16:09:21 GMT","server":"ESF","cache-control":"private","x-xss-protection":"0","x-frame-options":"SAMEORIGIN","x-content-type-options":"nosniff","server-timing":"gfet4t7; dur=1343","alt-svc":"h3-29=\":443\"; ma=2592000,h3-T051=\":443\"; ma=2592000,h3-Q050=\":443\"; ma=2592000,h3-Q046=\":443\"; ma=2592000,h3-Q043=\":443\"; ma=2592000,quic=\":443\"; ma=2592000; v=\"46,43\"","accept-ranges":"none","transfer-encoding":"chunked"}
[debug] [2021-04-18T16:09:15.460Z] > refreshing access token with scopes: []
[debug] [2021-04-18T16:09:15.461Z] >>> HTTP REQUEST POST https://www.googleapis.com/oauth2/v3/token  
 <request body omitted>
[debug] [2021-04-18T16:09:15.866Z] <<< HTTP RESPONSE 200 {"pragma":"no-cache","date":"Sun, 18 Apr 2021 16:09:21 GMT","expires":"Mon, 01 Jan 1990 00:00:00 GMT","cache-control":"no-cache, no-store, max-age=0, must-revalidate","content-type":"application/json; charset=utf-8","vary":"X-Origin, Referer, Origin,Accept-Encoding","server":"scaffolding on HTTPServer2","x-xss-protection":"0","x-frame-options":"SAMEORIGIN","x-content-type-options":"nosniff","alt-svc":"h3-29=\":443\"; ma=2592000,h3-T051=\":443\"; ma=2592000,h3-Q050=\":443\"; ma=2592000,h3-Q046=\":443\"; ma=2592000,h3-Q043=\":443\"; ma=2592000,quic=\":443\"; ma=2592000; v=\"46,43\"","accept-ranges":"none","transfer-encoding":"chunked"}
[debug] [2021-04-18T16:09:15.881Z] >>> [apiv2][query] GET https://firebase.googleapis.com/v1beta1/projects/phone-repair-1d188 [none]
[debug] [2021-04-18T16:09:16.331Z] <<< [apiv2][status] GET https://firebase.googleapis.com/v1beta1/projects/phone-repair-1d188 200
[debug] [2021-04-18T16:09:16.331Z] <<< [apiv2][body] GET https://firebase.googleapis.com/v1beta1/projects/phone-repair-1d188 {"projectId":"phone-repair-1d188","projectNumber":"906749335280","displayName":"Phone Repair","name":"projects/phone-repair-1d188","resources":{"hostingSite":"phone-repair-1d188"},"state":"ACTIVE"}
[info] 
[info] === Deploying to 'phone-repair-1d188'...
[info] 
[info] i  deploying hosting 
[debug] [2021-04-18T16:09:16.339Z] > refreshing access token with scopes: ["email","https://www.googleapis.com/auth/cloud-platform","https://www.googleapis.com/auth/cloudplatformprojects.readonly","https://www.googleapis.com/auth/firebase","openid"]
[debug] [2021-04-18T16:09:16.339Z] >>> HTTP REQUEST POST https://www.googleapis.com/oauth2/v3/token  
 <request body omitted>
[debug] [2021-04-18T16:09:16.748Z] <<< HTTP RESPONSE 200 {"cache-control":"no-cache, no-store, max-age=0, must-revalidate","expires":"Mon, 01 Jan 1990 00:00:00 GMT","date":"Sun, 18 Apr 2021 16:09:22 GMT","pragma":"no-cache","content-type":"application/json; charset=utf-8","vary":"X-Origin, Referer, Origin,Accept-Encoding","server":"scaffolding on HTTPServer2","x-xss-protection":"0","x-frame-options":"SAMEORIGIN","x-content-type-options":"nosniff","alt-svc":"h3-29=\":443\"; ma=2592000,h3-T051=\":443\"; ma=2592000,h3-Q050=\":443\"; ma=2592000,h3-Q046=\":443\"; ma=2592000,h3-Q043=\":443\"; ma=2592000,quic=\":443\"; ma=2592000; v=\"46,43\"","accept-ranges":"none","transfer-encoding":"chunked"}
[debug] [2021-04-18T16:09:16.761Z] >>> HTTP REQUEST POST https://firebasehosting.googleapis.com/v1beta1/sites/phone-repair-1d188/versions  
 {"config":{"rewrites":[{"glob":"**","path":"/index.html"}]},"labels":{"deployment-tool":"cli-firebase"}}
[debug] [2021-04-18T16:09:25.895Z] <<< HTTP RESPONSE 200 {"content-type":"application/json; charset=UTF-8","vary":"X-Origin, Referer, Origin,Accept-Encoding","date":"Sun, 18 Apr 2021 16:09:31 GMT","server":"ESF","cache-control":"private","x-xss-protection":"0","x-frame-options":"SAMEORIGIN","x-content-type-options":"nosniff","alt-svc":"h3-29=\":443\"; ma=2592000,h3-T051=\":443\"; ma=2592000,h3-Q050=\":443\"; ma=2592000,h3-Q046=\":443\"; ma=2592000,h3-Q043=\":443\"; ma=2592000,quic=\":443\"; ma=2592000; v=\"46,43\"","accept-ranges":"none","transfer-encoding":"chunked"}
[info] i  hosting[phone-repair-1d188]: beginning deploy... 
[info] i  hosting[phone-repair-1d188]: found 46 files in build 
[debug] [2021-04-18T16:09:27.300Z] > refreshing access token with scopes: []
[debug] [2021-04-18T16:09:27.300Z] >>> HTTP REQUEST POST https://www.googleapis.com/oauth2/v3/token  
 <request body omitted>
[debug] [2021-04-18T16:09:27.305Z] [hosting] hash cache [YnVpbGQ] stored for 46 files
[debug] [2021-04-18T16:09:27.306Z] [hosting][hash queue][FINAL] {"max":1347,"min":25,"avg":210.8913043478261,"active":0,"complete":46,"success":46,"errored":0,"retried":0,"total":46,"elapsed":1361}
[debug] [2021-04-18T16:09:27.778Z] <<< HTTP RESPONSE 200 {"cache-control":"no-cache, no-store, max-age=0, must-revalidate","pragma":"no-cache","date":"Sun, 18 Apr 2021 16:09:33 GMT","expires":"Mon, 01 Jan 1990 00:00:00 GMT","content-type":"application/json; charset=utf-8","vary":"X-Origin, Referer, Origin,Accept-Encoding","server":"scaffolding on HTTPServer2","x-xss-protection":"0","x-frame-options":"SAMEORIGIN","x-content-type-options":"nosniff","alt-svc":"h3-29=\":443\"; ma=2592000,h3-T051=\":443\"; ma=2592000,h3-Q050=\":443\"; ma=2592000,h3-Q046=\":443\"; ma=2592000,h3-Q043=\":443\"; ma=2592000,quic=\":443\"; ma=2592000; v=\"46,43\"","accept-ranges":"none","transfer-encoding":"chunked"}
[debug] [2021-04-18T16:09:27.794Z] >>> [apiv2][query] POST https://firebasehosting.googleapis.com/v1beta1/sites/phone-repair-1d188/versions/9d4fa769d36d8df1:populateFiles [none]
[debug] [2021-04-18T16:09:27.795Z] >>> [apiv2][body] POST https://firebasehosting.googleapis.com/v1beta1/sites/phone-repair-1d188/versions/9d4fa769d36d8df1:populateFiles {"files":{"/favicon.ico":"eae62e993eb980ec8a25058c39d5a51feab118bd2100c4deebb2a9c158ec11f9","/logo192.png":"3ee59515172ee198f3be375979df15ac5345183e656720a381b8872b2a39dc8b","/logo512.png":"ee7e2f3fdb8209c4b6fd7bef6ba50d1b9dba30a25bb5c3126df057e1cb6f5331","/manifest.json":"aff3449bdc238776f5d6d967f19ec491b36aed5fb7f23ccff6500736fd58494a","/robots.txt":"bfe106a3fb878dc83461c86818bf74fc1bdc7f28538ba613cd3e775516ce8b49","/index.html":"b8b44c3d49d68636fc56a2736635dbbe620669ab9bf733902a7d77f894870e53","/static/css/main.cad2c54c.chunk.css":"ef7efa608b200627fab56ad5270212037887378c6743d6a1c1188e9fac3fce58","/static/css/main.cad2c54c.chunk.css.map":"ec828f97929cb76663659458f79ac30c4c984807ed95cd8a775ae42f79ae911f","/static/js/2.a1094f77.chunk.js.LICENSE.txt":"b1c3d94bd6f1c0459780e842feab8a52f87810bbbb19d6e812d6d18e71a9304a","/static/js/3.ce402a4b.chunk.js":"1532345ea025438429d844c280f2c410db7a9163f120ffe9dcda6ac030f4a50a","/static/js/3.ce402a4b.chunk.js.map":"50dfe30370c691900088fffe8229e0fd85eff0d28d4eb9b6af9ac91140160b9d","/static/js/runtime-main.966b788f.js":"17a0a5e6090882873c6d82692f0e313fefcf2d0f0148954011d32c11ea833eb2","/static/js/runtime-main.966b788f.js.map":"b3d03edb20e8c07cc273e2c1881f20fe43140cb3349c429f10336e250ef37f39","/static/media/headphone.6fceeccc.jpg":"dff55234bbef2c72eb548b8da1a6691853d50789a318e6b80734ac66b3747477","/asset-manifest.json":"11769bdaaa26a6ee88c396e4baa698357c11f70d7de20402eab50561ddffe2d4","/static/media/like2.7bd182ea.png":"892faa7e7d964150968435a4a9f72fe7b6dbaae22d381c58bb7bc542b1117da6","/static/media/logout.a78baedd.png":"6612f2139076682cefa1bb6257b1cfb07b450bd20ccd1d0ee04816827e6dd311","/static/media/order.d34ef92a.png":"b911867742aacf379a5f15ecf50dbea8f93edbda75426c5db9d8e6e59932e756","/static/media/phone-dairy.6db44125.jpg":"40ff723ce6d7624094cab9f0d81712237f976c4a56f101497ea9ed63e8125dc8","/static/media/plus.b3120687.png":"0140fc2ebecfc5d261a83082f3b62590d372a5ea34a467c9229769a5e5ea7b59","/static/media/tablet-phone.08202112.jpg":"59e2c699b56e07080e27baab2a2a0393f567ff26fdd7612e76b7d9ea9410b934","/static/media/payment.0657627b.png":"c881138f61e6b0885ae290cf41fbb8b79c3f0c37405901d3aa2038cdd5d319a6","/static/media/shield.bc7bac93.png":"b4c87a6efd1130a5a6e8d5281ab4cd6a49ecac3d64351601bd1d5555dff0b16d","/static/media/review.c8e50075.png":"760f360505b4407a4604490587153eb0ed28403e381e52311eb2a9c87db0572a","/static/media/wifi-problem.ce91f430.jpg":"4dc6276253efa9981744ab4469cbdbf94f064c5715d6b6c21956ffc9697c7a43","/static/media/message.a137cdff.png":"4e4aaac6a732819b571eaacb4f63994878f4585405034cfe191c8d76a4369c76","/static/media/watch.4c336ed0.png":"2f59d86c82e4b6bf951616371477f6a36e7498f85edc6f1788989905f604b5ee","/static/js/main.61615660.chunk.js":"3ccb63846cd60bb66af5ce8ee797b9293d814756a7bd64e1b2e2ff50be8a7316","/static/css/2.4c97ca4f.chunk.css":"7e6538a6f0fc738a788c03a9cee1861c42fe2f29017e5026cb867636b24dcf77","/static/media/news-headphone.5caf9ffc.jpg":"0999acf8a1639620873d867c888d41a325cfa489b88faaf5f3be2046431a054c","/static/js/main.61615660.chunk.js.map":"775100107c3c1d48423d04443d68c66fbf9c8316a5155fb3d4d4a53140f7b3d5","/static/media/gurantee.5b8d2ed9.jpg":"fa57ecccb1f6bcbd2f59416813e19171d49d12f314b4ad239e3e9484c6b005e6","/static/media/header-bg.8330edc7.jpg":"496ee5b86263884a949d964048b39ce0ef07cdda45d885097925d064f0dd8828","/static/media/game-console-2.48c16254.jpg":"458df83a33102dacd6c1d3686fc71c200b8fc3bd2b0e62fa7c291a9e91965602","/static/media/FAQ-bg.4996b128.jpg":"bb771409b4bb97e9bd756141617a63af7e1b7533ad4f6b81c936abd9d4eab5fb","/static/css/2.4c97ca4f.chunk.css.map":"a70eaab29a7c2121a70e08850c01f71611bdc0c137e6a4b349704641c33af035","/static/media/corporate.4e551079.jpg":"cec0c3414bae3eefba06e020c814fad20e9d908f2685daf47442c682567be576","/static/media/phone-img.e1ac0ee3.jpg":"1aefeca9ad53c52af133784d6ce4ab2a71fef3939ec4742b360462b30178cdc7","/static/js/2.a1094f77.chunk.js":"6f2cc9504c8eaf448caccb6cb5446f5103bf8b9ead4271a25bb099e20a8fa2d6","/static/media/mouse.f26da944.jpg":"b45297379ff387e2ecfd45741842bbc845c9a6ae5cc5115aded46358d1bd493d","/static/media/headphone2.fbd46633.jpg":"01696e8aeff319d310e02498536d0b26cb747de7979f0cff993089cffef36fa8","/static/media/lens.6fcada06.jpg":"c6d4083949692e63e2d63b63b565f8ff6855356f3aaf4a4f6fec13dc7cb3e085","/static/media/pc-service.e393a151.jpg":"b913e4ab0ee37a68a03e2ef02733f2a46f86ed176fcefd54b02956da466aaa19","/static/media/online-shopping.48dc8287.jpg":"db9f6fa63d4fa0f3e7e89613b6772c04f896fc53e3e114e7dd55debc11127440","/static/media/aboutUs3.f4d60117.jpg":"68a7c28f0e74ae036947672c98a613d5569aec4afff42a3784310cdde5ff9ad3","/static/js/2.a1094f77.chunk.js.map":"ea4f376234a6ce9d3b6a083e8b4f4106520af0bafaaa13c91207a0b61ea61ac5"}}
[debug] [2021-04-18T16:09:30.272Z] <<< [apiv2][status] POST https://firebasehosting.googleapis.com/v1beta1/sites/phone-repair-1d188/versions/9d4fa769d36d8df1:populateFiles 200
[debug] [2021-04-18T16:09:30.273Z] <<< [apiv2][body] POST https://firebasehosting.googleapis.com/v1beta1/sites/phone-repair-1d188/versions/9d4fa769d36d8df1:populateFiles {"uploadRequiredHashes":["ea4f376234a6ce9d3b6a083e8b4f4106520af0bafaaa13c91207a0b61ea61ac5"],"uploadUrl":"https://upload-firebasehosting.googleapis.com/upload/sites/phone-repair-1d188/versions/9d4fa769d36d8df1/files"}
[debug] [2021-04-18T16:09:30.276Z] >>> [apiv2][query] POST https://upload-firebasehosting.googleapis.com/upload/sites/phone-repair-1d188/versions/9d4fa769d36d8df1/files/ea4f376234a6ce9d3b6a083e8b4f4106520af0bafaaa13c91207a0b61ea61ac5 [none]
[debug] [2021-04-18T16:09:30.276Z] >>> [apiv2][body] POST https://upload-firebasehosting.googleapis.com/upload/sites/phone-repair-1d188/versions/9d4fa769d36d8df1/files/ea4f376234a6ce9d3b6a083e8b4f4106520af0bafaaa13c91207a0b61ea61ac5 [stream]
[debug] [2021-04-18T16:09:30.283Z] [hosting][populate queue][FINAL] {"max":2976,"min":2976,"avg":2976,"active":0,"complete":1,"success":1,"errored":0,"retried":0,"total":1,"elapsed":2983}
[debug] [2021-04-18T16:09:30.284Z] [hosting] uploads queued: 1
[debug] [2021-04-18T16:10:48.402Z] [uploadQueue] Retrying task ea4f376234a6ce9d3b6a083e8b4f4106520af0bafaaa13c91207a0b61ea61ac5
[debug] [2021-04-18T16:10:48.421Z] >>> [apiv2][query] POST https://upload-firebasehosting.googleapis.com/upload/sites/phone-repair-1d188/versions/9d4fa769d36d8df1/files/ea4f376234a6ce9d3b6a083e8b4f4106520af0bafaaa13c91207a0b61ea61ac5 [none]
[debug] [2021-04-18T16:10:48.421Z] >>> [apiv2][body] POST https://upload-firebasehosting.googleapis.com/upload/sites/phone-repair-1d188/versions/9d4fa769d36d8df1/files/ea4f376234a6ce9d3b6a083e8b4f4106520af0bafaaa13c91207a0b61ea61ac5 [stream]
[debug] [2021-04-18T16:12:07.730Z] [uploadQueue] Retrying task ea4f376234a6ce9d3b6a083e8b4f4106520af0bafaaa13c91207a0b61ea61ac5
[debug] [2021-04-18T16:12:07.750Z] >>> [apiv2][query] POST https://upload-firebasehosting.googleapis.com/upload/sites/phone-repair-1d188/versions/9d4fa769d36d8df1/files/ea4f376234a6ce9d3b6a083e8b4f4106520af0bafaaa13c91207a0b61ea61ac5 [none]
[debug] [2021-04-18T16:12:07.750Z] >>> [apiv2][body] POST https://upload-firebasehosting.googleapis.com/upload/sites/phone-repair-1d188/versions/9d4fa769d36d8df1/files/ea4f376234a6ce9d3b6a083e8b4f4106520af0bafaaa13c91207a0b61ea61ac5 [stream]
